This is pdfTeX, Version 3.141592653-2.6-1.40.28 (MiKTeX 25.12) (preloaded format=pdflatex 2026.7.13)  13 JUL 2026 17:22
entering extended mode
 restricted \write18 enabled.
 %&-line parsing enabled.
**./progress_report.tex
(progress_report.tex
LaTeX2e <2025-11-01>
L3 programming layer <2025-12-24>
(C:\Users\Arfakhsyad\AppData\Local\Programs\MiKTeX\tex/latex/beamer\beamer.cls
Document Class: beamer 2026/01/22 v3.77 A class for typesetting presentations

(C:\Users\Arfakhsyad\AppData\Local\Programs\MiKTeX\tex/latex/beamer\beamerbasem
odes.sty
(C:\Users\Arfakhsyad\AppData\Local\Programs\MiKTeX\tex/latex/etoolbox\etoolbox.
sty
Package: etoolbox 2025/10/02 v2.5m e-TeX tools for LaTeX (JAW)
\etb@tempcnta=\count275
)
\beamer@tempbox=\box53
\beamer@tempcount=\count276
\c@beamerpauses=\count277

(C:\Users\Arfakhsyad\AppData\Local\Programs\MiKTeX\tex/latex/beamer\beamerbased
ecode.sty
\beamer@slideinframe=\count278
\beamer@minimum=\count279
\beamer@decode@box=\box54
)
\beamer@commentbox=\box55
\beamer@modecount=\count280
)
(C:\Users\Arfakhsyad\AppData\Local\Programs\MiKTeX\tex/generic/iftex\iftex.sty
Package: iftex 2024/12/12 v1.0g TeX engine tests
)
\headdp=\dimen148
\footheight=\dimen149
\sidebarheight=\dimen150
\beamer@tempdim=\dimen151
\beamer@finalheight=\dimen152
\beamer@animht=\dimen153
\beamer@animdp=\dimen154
\beamer@animwd=\dimen155
\beamer@leftmargin=\dimen156
\beamer@rightmargin=\dimen157
\beamer@leftsidebar=\dimen158
\beamer@rightsidebar=\dimen159
\beamer@boxsize=\dimen160
\beamer@vboxoffset=\dimen161
\beamer@descdefault=\dimen162
\beamer@descriptionwidth=\dimen163
\beamer@lastskip=\skip49
\beamer@areabox=\box56
\beamer@animcurrent=\box57
\beamer@animshowbox=\box58
\beamer@sectionbox=\box59
\beamer@logobox=\box60
\beamer@linebox=\box61
\beamer@sectioncount=\count281
\beamer@subsubsectionmax=\count282
\beamer@subsectionmax=\count283
\beamer@sectionmax=\count284
\beamer@totalheads=\count285
\beamer@headcounter=\count286
\beamer@partstartpage=\count287
\beamer@sectionstartpage=\count288
\beamer@subsectionstartpage=\count289
\beamer@animationtempa=\count290
\beamer@animationtempb=\count291
\beamer@xpos=\count292
\beamer@ypos=\count293
\beamer@ypos@offset=\count294
\beamer@showpartnumber=\count295
\beamer@currentsubsection=\count296
\beamer@coveringdepth=\count297
\beamer@sectionadjust=\count298
\beamer@toclastsection=\count299
\beamer@tocsectionnumber=\count300

(C:\Users\Arfakhsyad\AppData\Local\Programs\MiKTeX\tex/latex/beamer\beamerbaseo
ptions.sty
(C:\Users\Arfakhsyad\AppData\Local\Programs\MiKTeX\tex/latex/graphics\keyval.st
y
Package: keyval 2022/05/29 v1.15 key=value parser (DPC)
\KV@toks@=\toks17
))
\beamer@paperwidth=\skip50
\beamer@paperheight=\skip51

(C:\Users\Arfakhsyad\AppData\Local\Programs\MiKTeX\tex/latex/geometry\geometry.
sty
Package: geometry 2026/03/07 v6.0 Page Geometry

(C:\Users\Arfakhsyad\AppData\Local\Programs\MiKTeX\tex/generic/iftex\ifvtex.sty
Package: ifvtex 2019/10/25 v1.7 ifvtex legacy package. Use iftex instead.
)
\Gm@cnth=\count301
\Gm@cntv=\count302
\c@Gm@tempcnt=\count303
\Gm@bindingoffset=\dimen164
\Gm@wd@mp=\dimen165
\Gm@odd@mp=\dimen166
\Gm@even@mp=\dimen167
\Gm@layoutwidth=\dimen168
\Gm@layoutheight=\dimen169
\Gm@layouthoffset=\dimen170
\Gm@layoutvoffset=\dimen171
\Gm@dimlist=\toks18

(C:\Users\Arfakhsyad\AppData\Local\Programs\MiKTeX\tex/latex/geometry\geometry.
cfg))
(C:\Users\Arfakhsyad\AppData\Local\Programs\MiKTeX\tex/latex/pgf/math\pgfmath.s
ty
(C:\Users\Arfakhsyad\AppData\Local\Programs\MiKTeX\tex/latex/pgf/utilities\pgfr
cs.sty
(C:\Users\Arfakhsyad\AppData\Local\Programs\MiKTeX\tex/generic/pgf/utilities\pg
futil-common.tex
\pgfutil@everybye=\toks19
\pgfutil@tempdima=\dimen172
\pgfutil@tempdimb=\dimen173
)
(C:\Users\Arfakhsyad\AppData\Local\Programs\MiKTeX\tex/generic/pgf/utilities\pg
futil-latex.def
\pgfutil@abb=\box62
)
(C:\Users\Arfakhsyad\AppData\Local\Programs\MiKTeX\tex/generic/pgf/utilities\pg
frcs.code.tex
(C:\Users\Arfakhsyad\AppData\Local\Programs\MiKTeX\tex/generic/pgf\pgf.revision
.tex)
Package: pgfrcs 2025-08-29 v3.1.11a (3.1.11a)
))
(C:\Users\Arfakhsyad\AppData\Local\Programs\MiKTeX\tex/latex/pgf/utilities\pgfk
eys.sty
(C:\Users\Arfakhsyad\AppData\Local\Programs\MiKTeX\tex/generic/pgf/utilities\pg
fkeys.code.tex
\pgfkeys@pathtoks=\toks20
\pgfkeys@temptoks=\toks21

(C:\Users\Arfakhsyad\AppData\Local\Programs\MiKTeX\tex/generic/pgf/utilities\pg
fkeyslibraryfiltered.code.tex
\pgfkeys@tmptoks=\toks22
)))
(C:\Users\Arfakhsyad\AppData\Local\Programs\MiKTeX\tex/generic/pgf/math\pgfmath
.code.tex
(C:\Users\Arfakhsyad\AppData\Local\Programs\MiKTeX\tex/generic/pgf/math\pgfmath
util.code.tex
\pgf@x=\dimen174
\pgf@xa=\dimen175
\pgf@xb=\dimen176
\pgf@xc=\dimen177
\pgf@y=\dimen178
\pgf@ya=\dimen179
\pgf@yb=\dimen180
\pgf@yc=\dimen181
\c@pgf@counta=\count304
\c@pgf@countb=\count305
\c@pgf@countc=\count306
\c@pgf@countd=\count307
)
(C:\Users\Arfakhsyad\AppData\Local\Programs\MiKTeX\tex/generic/pgf/math\pgfmath
parser.code.tex
\pgfmath@dimen=\dimen182
\pgfmath@count=\count308
\pgfmath@box=\box63
\pgfmath@toks=\toks23
\pgfmath@stack@operand=\toks24
\pgfmath@stack@operation=\toks25
)
(C:\Users\Arfakhsyad\AppData\Local\Programs\MiKTeX\tex/generic/pgf/math\pgfmath
functions.code.tex)
(C:\Users\Arfakhsyad\AppData\Local\Programs\MiKTeX\tex/generic/pgf/math\pgfmath
functions.basic.code.tex)
(C:\Users\Arfakhsyad\AppData\Local\Programs\MiKTeX\tex/generic/pgf/math\pgfmath
functions.trigonometric.code.tex)
(C:\Users\Arfakhsyad\AppData\Local\Programs\MiKTeX\tex/generic/pgf/math\pgfmath
functions.random.code.tex)
(C:\Users\Arfakhsyad\AppData\Local\Programs\MiKTeX\tex/generic/pgf/math\pgfmath
functions.comparison.code.tex)
(C:\Users\Arfakhsyad\AppData\Local\Programs\MiKTeX\tex/generic/pgf/math\pgfmath
functions.base.code.tex)
(C:\Users\Arfakhsyad\AppData\Local\Programs\MiKTeX\tex/generic/pgf/math\pgfmath
functions.round.code.tex)
(C:\Users\Arfakhsyad\AppData\Local\Programs\MiKTeX\tex/generic/pgf/math\pgfmath
functions.misc.code.tex)
(C:\Users\Arfakhsyad\AppData\Local\Programs\MiKTeX\tex/generic/pgf/math\pgfmath
functions.integerarithmetics.code.tex)
(C:\Users\Arfakhsyad\AppData\Local\Programs\MiKTeX\tex/generic/pgf/math\pgfmath
calc.code.tex)
(C:\Users\Arfakhsyad\AppData\Local\Programs\MiKTeX\tex/generic/pgf/math\pgfmath
float.code.tex
\c@pgfmathroundto@lastzeros=\count309
)))
(C:\Users\Arfakhsyad\AppData\Local\Programs\MiKTeX\tex/latex/base\size11.clo
File: size11.clo 2025/01/22 v1.4n Standard LaTeX file (size option)
)
(C:\Users\Arfakhsyad\AppData\Local\Programs\MiKTeX\tex/latex/pgf/basiclayer\pgf
core.sty
(C:\Users\Arfakhsyad\AppData\Local\Programs\MiKTeX\tex/latex/graphics\graphicx.
sty
Package: graphicx 2024/12/31 v1.2e Enhanced LaTeX Graphics (DPC,SPQR)

(C:\Users\Arfakhsyad\AppData\Local\Programs\MiKTeX\tex/latex/graphics\graphics.
sty
Package: graphics 2024/08/06 v1.4g Standard LaTeX Graphics (DPC,SPQR)

(C:\Users\Arfakhsyad\AppData\Local\Programs\MiKTeX\tex/latex/graphics\trig.sty
Package: trig 2023/12/02 v1.11 sin cos tan (DPC)
)
(C:\Users\Arfakhsyad\AppData\Local\Programs\MiKTeX\tex/latex/graphics-cfg\graph
ics.cfg
File: graphics.cfg 2016/06/04 v1.11 sample graphics configuration
)
Package graphics Info: Driver file: pdftex.def on input line 106.

(C:\Users\Arfakhsyad\AppData\Local\Programs\MiKTeX\tex/latex/graphics-def\pdfte
x.def
File: pdftex.def 2025/09/29 v1.2d Graphics/color driver for pdftex
))
\Gin@req@height=\dimen183
\Gin@req@width=\dimen184
)
(C:\Users\Arfakhsyad\AppData\Local\Programs\MiKTeX\tex/latex/pgf/systemlayer\pg
fsys.sty
(C:\Users\Arfakhsyad\AppData\Local\Programs\MiKTeX\tex/generic/pgf/systemlayer\
pgfsys.code.tex
Package: pgfsys 2025-08-29 v3.1.11a (3.1.11a)
\pgf@x=\dimen185
\pgf@y=\dimen186
\pgf@xa=\dimen187
\pgf@ya=\dimen188
\pgf@xb=\dimen189
\pgf@yb=\dimen190
\pgf@xc=\dimen191
\pgf@yc=\dimen192
\pgf@xd=\dimen193
\pgf@yd=\dimen194
\w@pgf@writea=\write3
\r@pgf@reada=\read2
\c@pgf@counta=\count310
\c@pgf@countb=\count311
\c@pgf@countc=\count312
\c@pgf@countd=\count313
\t@pgf@toka=\toks26
\t@pgf@tokb=\toks27
\t@pgf@tokc=\toks28
\pgf@sys@id@count=\count314

(C:\Users\Arfakhsyad\AppData\Local\Programs\MiKTeX\tex/generic/pgf/systemlayer\
pgf.cfg
File: pgf.cfg 2025-08-29 v3.1.11a (3.1.11a)
)
Driver file for pgf: pgfsys-pdftex.def

(C:\Users\Arfakhsyad\AppData\Local\Programs\MiKTeX\tex/generic/pgf/systemlayer\
pgfsys-pdftex.def
File: pgfsys-pdftex.def 2025-08-29 v3.1.11a (3.1.11a)

(C:\Users\Arfakhsyad\AppData\Local\Programs\MiKTeX\tex/generic/pgf/systemlayer\
pgfsys-common-pdf.def
File: pgfsys-common-pdf.def 2025-08-29 v3.1.11a (3.1.11a)
)))
(C:\Users\Arfakhsyad\AppData\Local\Programs\MiKTeX\tex/generic/pgf/systemlayer\
pgfsyssoftpath.code.tex
File: pgfsyssoftpath.code.tex 2025-08-29 v3.1.11a (3.1.11a)
\pgfsyssoftpath@smallbuffer@items=\count315
\pgfsyssoftpath@bigbuffer@items=\count316
)
(C:\Users\Arfakhsyad\AppData\Local\Programs\MiKTeX\tex/generic/pgf/systemlayer\
pgfsysprotocol.code.tex
File: pgfsysprotocol.code.tex 2025-08-29 v3.1.11a (3.1.11a)
))
(C:\Users\Arfakhsyad\AppData\Local\Programs\MiKTeX\tex/latex/xcolor\xcolor.sty
Package: xcolor 2024/09/29 v3.02 LaTeX color extensions (UK)

(C:\Users\Arfakhsyad\AppData\Local\Programs\MiKTeX\tex/latex/graphics-cfg\color
.cfg
File: color.cfg 2016/01/02 v1.6 sample color configuration
)
Package xcolor Info: Driver file: pdftex.def on input line 274.

(C:\Users\Arfakhsyad\AppData\Local\Programs\MiKTeX\tex/latex/graphics\mathcolor
.ltx)
Package xcolor Info: Model `cmy' substituted by `cmy0' on input line 1349.
Package xcolor Info: Model `hsb' substituted by `rgb' on input line 1353.
Package xcolor Info: Model `RGB' extended on input line 1365.
Package xcolor Info: Model `HTML' substituted by `rgb' on input line 1367.
Package xcolor Info: Model `Hsb' substituted by `hsb' on input line 1368.
Package xcolor Info: Model `tHsb' substituted by `hsb' on input line 1369.
Package xcolor Info: Model `HSB' substituted by `hsb' on input line 1370.
Package xcolor Info: Model `Gray' substituted by `gray' on input line 1371.
Package xcolor Info: Model `wave' substituted by `hsb' on input line 1372.
)
(C:\Users\Arfakhsyad\AppData\Local\Programs\MiKTeX\tex/generic/pgf/basiclayer\p
gfcore.code.tex
Package: pgfcore 2025-08-29 v3.1.11a (3.1.11a)

(C:\Users\Arfakhsyad\AppData\Local\Programs\MiKTeX\tex/generic/pgf/math\pgfint.
code.tex)
(C:\Users\Arfakhsyad\AppData\Local\Programs\MiKTeX\tex/generic/pgf/basiclayer\p
gfcorepoints.code.tex
File: pgfcorepoints.code.tex 2025-08-29 v3.1.11a (3.1.11a)
\pgf@picminx=\dimen195
\pgf@picmaxx=\dimen196
\pgf@picminy=\dimen197
\pgf@picmaxy=\dimen198
\pgf@pathminx=\dimen199
\pgf@pathmaxx=\dimen256
\pgf@pathminy=\dimen257
\pgf@pathmaxy=\dimen258
\pgf@xx=\dimen259
\pgf@xy=\dimen260
\pgf@yx=\dimen261
\pgf@yy=\dimen262
\pgf@zx=\dimen263
\pgf@zy=\dimen264
)
(C:\Users\Arfakhsyad\AppData\Local\Programs\MiKTeX\tex/generic/pgf/basiclayer\p
gfcorepathconstruct.code.tex
File: pgfcorepathconstruct.code.tex 2025-08-29 v3.1.11a (3.1.11a)
\pgf@path@lastx=\dimen265
\pgf@path@lasty=\dimen266
)
(C:\Users\Arfakhsyad\AppData\Local\Programs\MiKTeX\tex/generic/pgf/basiclayer\p
gfcorepathusage.code.tex
File: pgfcorepathusage.code.tex 2025-08-29 v3.1.11a (3.1.11a)
\pgf@shorten@end@additional=\dimen267
\pgf@shorten@start@additional=\dimen268
)
(C:\Users\Arfakhsyad\AppData\Local\Programs\MiKTeX\tex/generic/pgf/basiclayer\p
gfcorescopes.code.tex
File: pgfcorescopes.code.tex 2025-08-29 v3.1.11a (3.1.11a)
\pgfpic=\box64
\pgf@hbox=\box65
\pgf@layerbox@main=\box66
\pgf@picture@serial@count=\count317
)
(C:\Users\Arfakhsyad\AppData\Local\Programs\MiKTeX\tex/generic/pgf/basiclayer\p
gfcoregraphicstate.code.tex
File: pgfcoregraphicstate.code.tex 2025-08-29 v3.1.11a (3.1.11a)
\pgflinewidth=\dimen269
)
(C:\Users\Arfakhsyad\AppData\Local\Programs\MiKTeX\tex/generic/pgf/basiclayer\p
gfcoretransformations.code.tex
File: pgfcoretransformations.code.tex 2025-08-29 v3.1.11a (3.1.11a)
\pgf@pt@x=\dimen270
\pgf@pt@y=\dimen271
\pgf@pt@temp=\dimen272
)
(C:\Users\Arfakhsyad\AppData\Local\Programs\MiKTeX\tex/generic/pgf/basiclayer\p
gfcorequick.code.tex
File: pgfcorequick.code.tex 2025-08-29 v3.1.11a (3.1.11a)
)
(C:\Users\Arfakhsyad\AppData\Local\Programs\MiKTeX\tex/generic/pgf/basiclayer\p
gfcoreobjects.code.tex
File: pgfcoreobjects.code.tex 2025-08-29 v3.1.11a (3.1.11a)
)
(C:\Users\Arfakhsyad\AppData\Local\Programs\MiKTeX\tex/generic/pgf/basiclayer\p
gfcorepathprocessing.code.tex
File: pgfcorepathprocessing.code.tex 2025-08-29 v3.1.11a (3.1.11a)
)
(C:\Users\Arfakhsyad\AppData\Local\Programs\MiKTeX\tex/generic/pgf/basiclayer\p
gfcorearrows.code.tex
File: pgfcorearrows.code.tex 2025-08-29 v3.1.11a (3.1.11a)
\pgfarrowsep=\dimen273
)
(C:\Users\Arfakhsyad\AppData\Local\Programs\MiKTeX\tex/generic/pgf/basiclayer\p
gfcoreshade.code.tex
File: pgfcoreshade.code.tex 2025-08-29 v3.1.11a (3.1.11a)
\pgf@max=\dimen274
\pgf@sys@shading@range@num=\count318
\pgf@shadingcount=\count319
)
(C:\Users\Arfakhsyad\AppData\Local\Programs\MiKTeX\tex/generic/pgf/basiclayer\p
gfcoreimage.code.tex
File: pgfcoreimage.code.tex 2025-08-29 v3.1.11a (3.1.11a)
)
(C:\Users\Arfakhsyad\AppData\Local\Programs\MiKTeX\tex/generic/pgf/basiclayer\p
gfcoreexternal.code.tex
File: pgfcoreexternal.code.tex 2025-08-29 v3.1.11a (3.1.11a)
\pgfexternal@startupbox=\box67
)
(C:\Users\Arfakhsyad\AppData\Local\Programs\MiKTeX\tex/generic/pgf/basiclayer\p
gfcorelayers.code.tex
File: pgfcorelayers.code.tex 2025-08-29 v3.1.11a (3.1.11a)
)
(C:\Users\Arfakhsyad\AppData\Local\Programs\MiKTeX\tex/generic/pgf/basiclayer\p
gfcoretransparency.code.tex
File: pgfcoretransparency.code.tex 2025-08-29 v3.1.11a (3.1.11a)
)
(C:\Users\Arfakhsyad\AppData\Local\Programs\MiKTeX\tex/generic/pgf/basiclayer\p
gfcorepatterns.code.tex
File: pgfcorepatterns.code.tex 2025-08-29 v3.1.11a (3.1.11a)
)
(C:\Users\Arfakhsyad\AppData\Local\Programs\MiKTeX\tex/generic/pgf/basiclayer\p
gfcorerdf.code.tex
File: pgfcorerdf.code.tex 2025-08-29 v3.1.11a (3.1.11a)
)))
(C:\Users\Arfakhsyad\AppData\Local\Programs\MiKTeX\tex/latex/pgf/utilities\xxco
lor.sty
Package: xxcolor 2003/10/24 ver 0.1
\XC@nummixins=\count320
\XC@countmixins=\count321
)
(C:\Users\Arfakhsyad\AppData\Local\Programs\MiKTeX\tex/latex/base\atbegshi-ltx.
sty
Package: atbegshi-ltx 2021/01/10 v1.0c Emulation of the original atbegshi
package with kernel methods
)
(C:\Users\Arfakhsyad\AppData\Local\Programs\MiKTeX\tex/latex/hyperref\hyperref.
sty
Package: hyperref 2025-07-12 v7.01o Hypertext links for LaTeX

(C:\Users\Arfakhsyad\AppData\Local\Programs\MiKTeX\tex/latex/kvsetkeys\kvsetkey
s.sty
Package: kvsetkeys 2022-10-05 v1.19 Key value parser (HO)
)
(C:\Users\Arfakhsyad\AppData\Local\Programs\MiKTeX\tex/generic/kvdefinekeys\kvd
efinekeys.sty
Package: kvdefinekeys 2019-12-19 v1.6 Define keys (HO)
)
(C:\Users\Arfakhsyad\AppData\Local\Programs\MiKTeX\tex/generic/pdfescape\pdfesc
ape.sty
Package: pdfescape 2019/12/09 v1.15 Implements pdfTeX's escape features (HO)

(C:\Users\Arfakhsyad\AppData\Local\Programs\MiKTeX\tex/generic/ltxcmds\ltxcmds.
sty
Package: ltxcmds 2023-12-04 v1.26 LaTeX kernel commands for general use (HO)
)
(C:\Users\Arfakhsyad\AppData\Local\Programs\MiKTeX\tex/generic/pdftexcmds\pdfte
xcmds.sty
Package: pdftexcmds 2020-06-27 v0.33 Utility functions of pdfTeX for LuaTeX (HO
)

(C:\Users\Arfakhsyad\AppData\Local\Programs\MiKTeX\tex/generic/infwarerr\infwar
err.sty
Package: infwarerr 2019/12/03 v1.5 Providing info/warning/error messages (HO)
)
Package pdftexcmds Info: \pdf@primitive is available.
Package pdftexcmds Info: \pdf@ifprimitive is available.
Package pdftexcmds Info: \pdfdraftmode found.
))
(C:\Users\Arfakhsyad\AppData\Local\Programs\MiKTeX\tex/latex/hycolor\hycolor.st
y
Package: hycolor 2020-01-27 v1.10 Color options for hyperref/bookmark (HO)
)
(C:\Users\Arfakhsyad\AppData\Local\Programs\MiKTeX\tex/latex/hyperref\nameref.s
ty
Package: nameref 2025-06-21 v2.57 Cross-referencing by name of section

(C:\Users\Arfakhsyad\AppData\Local\Programs\MiKTeX\tex/latex/refcount\refcount.
sty
Package: refcount 2019/12/15 v3.6 Data extraction from label references (HO)
)
(C:\Users\Arfakhsyad\AppData\Local\Programs\MiKTeX\tex/generic/gettitlestring\g
ettitlestring.sty
Package: gettitlestring 2019/12/15 v1.6 Cleanup title references (HO)

(C:\Users\Arfakhsyad\AppData\Local\Programs\MiKTeX\tex/latex/kvoptions\kvoption
s.sty
Package: kvoptions 2022-06-15 v3.15 Key value format for package options (HO)
))
\c@section@level=\count322
)
(C:\Users\Arfakhsyad\AppData\Local\Programs\MiKTeX\tex/generic/stringenc\string
enc.sty
Package: stringenc 2019/11/29 v1.12 Convert strings between diff. encodings (HO
)
)
\@linkdim=\dimen275
\Hy@linkcounter=\count323
\Hy@pagecounter=\count324

(C:\Users\Arfakhsyad\AppData\Local\Programs\MiKTeX\tex/latex/hyperref\pd1enc.de
f
File: pd1enc.def 2025-07-12 v7.01o Hyperref: PDFDocEncoding definition (HO)
Now handling font encoding PD1 ...
... no UTF-8 mapping file for font encoding PD1
)
(C:\Users\Arfakhsyad\AppData\Local\Programs\MiKTeX\tex/generic/intcalc\intcalc.
sty
Package: intcalc 2019/12/15 v1.3 Expandable calculations with integers (HO)
)
\Hy@SavedSpaceFactor=\count325

(C:\Users\Arfakhsyad\AppData\Local\Programs\MiKTeX\tex/latex/hyperref\puenc.def
File: puenc.def 2025-07-12 v7.01o Hyperref: PDF Unicode definition (HO)
Now handling font encoding PU ...
... no UTF-8 mapping file for font encoding PU
)
Package hyperref Info: Option `bookmarks' set `true' on input line 4066.
Package hyperref Info: Option `bookmarksopen' set `true' on input line 4066.
Package hyperref Info: Option `implicit' set `false' on input line 4066.
Package hyperref Info: Hyper figures OFF on input line 4195.
Package hyperref Info: Link nesting OFF on input line 4200.
Package hyperref Info: Hyper index ON on input line 4203.
Package hyperref Info: Plain pages OFF on input line 4210.
Package hyperref Info: Backreferencing OFF on input line 4215.
Package hyperref Info: Implicit mode OFF; no redefinition of LaTeX internals.
Package hyperref Info: Bookmarks ON on input line 4462.
\c@Hy@tempcnt=\count326
 (C:\Users\Arfakhsyad\AppData\Local\Programs\MiKTeX\tex/latex/url\url.sty
\Urlmuskip=\muskip17
Package: url 2013/09/16  ver 3.4  Verb mode for urls, etc.
)
LaTeX Info: Redefining \url on input line 4801.
\XeTeXLinkMargin=\dimen276

(C:\Users\Arfakhsyad\AppData\Local\Programs\MiKTeX\tex/generic/bitset\bitset.st
y
Package: bitset 2019/12/09 v1.3 Handle bit-vector datatype (HO)

(C:\Users\Arfakhsyad\AppData\Local\Programs\MiKTeX\tex/generic/bigintcalc\bigin
tcalc.sty
Package: bigintcalc 2019/12/15 v1.5 Expandable calculations on big integers (HO
)
))
\Fld@menulength=\count327
\Field@Width=\dimen277
\Fld@charsize=\dimen278
Package hyperref Info: Hyper figures OFF on input line 6078.
Package hyperref Info: Link nesting OFF on input line 6083.
Package hyperref Info: Hyper index ON on input line 6086.
Package hyperref Info: backreferencing OFF on input line 6093.
Package hyperref Info: Link coloring OFF on input line 6098.
Package hyperref Info: Link coloring with OCG OFF on input line 6103.
Package hyperref Info: PDF/A mode OFF on input line 6108.
\Hy@abspage=\count328


Package hyperref Message: Stopped early.

)
Package hyperref Info: Driver (autodetected): hpdftex.

(C:\Users\Arfakhsyad\AppData\Local\Programs\MiKTeX\tex/latex/hyperref\hpdftex.d
ef
File: hpdftex.def 2025-07-12 v7.01o Hyperref driver for pdfTeX
\Fld@listcount=\count329
\c@bookmark@seq@number=\count330

(C:\Users\Arfakhsyad\AppData\Local\Programs\MiKTeX\tex/latex/rerunfilecheck\rer
unfilecheck.sty
Package: rerunfilecheck 2025-06-21 v1.11 Rerun checks for auxiliary files (HO)

(C:\Users\Arfakhsyad\AppData\Local\Programs\MiKTeX\tex/generic/uniquecounter\un
iquecounter.sty
Package: uniquecounter 2019/12/15 v1.4 Provide unlimited unique counter (HO)
)
Package uniquecounter Info: New unique counter `rerunfilecheck' on input line 2
84.
))
(C:\Users\Arfakhsyad\AppData\Local\Programs\MiKTeX\tex/latex/beamer\beamerbaser
equires.sty
(C:\Users\Arfakhsyad\AppData\Local\Programs\MiKTeX\tex/latex/beamer\beamerbasec
ompatibility.sty)
(C:\Users\Arfakhsyad\AppData\Local\Programs\MiKTeX\tex/latex/beamer\beamerbasef
ont.sty
(C:\Users\Arfakhsyad\AppData\Local\Programs\MiKTeX\tex/latex/amsfonts\amssymb.s
ty
Package: amssymb 2013/01/14 v3.01 AMS font symbols

(C:\Users\Arfakhsyad\AppData\Local\Programs\MiKTeX\tex/latex/amsfonts\amsfonts.
sty
Package: amsfonts 2013/01/14 v3.01 Basic AMSFonts support
\@emptytoks=\toks29
\symAMSa=\mathgroup4
\symAMSb=\mathgroup5
LaTeX Font Info:    Redeclaring math symbol \hbar on input line 98.
LaTeX Font Info:    Overwriting math alphabet `\mathfrak' in version `bold'
(Font)                  U/euf/m/n --> U/euf/b/n on input line 106.
))
(C:\Users\Arfakhsyad\AppData\Local\Programs\MiKTeX\tex/latex/sansmathaccent\san
smathaccent.sty
Package: sansmathaccent 2020/01/31

(C:\Users\Arfakhsyad\AppData\Local\Programs\MiKTeX\tex/latex/koma-script\scrlfi
le.sty
Package: scrlfile 2026/02/02 v3.49.2 KOMA-Script package (file load hooks)

(C:\Users\Arfakhsyad\AppData\Local\Programs\MiKTeX\tex/latex/koma-script\scrlfi
le-hook.sty
Package: scrlfile-hook 2026/02/02 v3.49.2 KOMA-Script package (using LaTeX hook
s)

(C:\Users\Arfakhsyad\AppData\Local\Programs\MiKTeX\tex/latex/koma-script\scrlog
o.sty
Package: scrlogo 2026/02/02 v3.49.2 KOMA-Script package (logo)
)))))
(C:\Users\Arfakhsyad\AppData\Local\Programs\MiKTeX\tex/latex/beamer\beamerbaset
ranslator.sty
(C:\Users\Arfakhsyad\AppData\Local\Programs\MiKTeX\tex/latex/translator\transla
tor.sty
Package: translator 2021-05-31 v1.12d Easy translation of strings in LaTeX
))
(C:\Users\Arfakhsyad\AppData\Local\Programs\MiKTeX\tex/latex/beamer\beamerbasem
isc.sty)
(C:\Users\Arfakhsyad\AppData\Local\Programs\MiKTeX\tex/latex/beamer\beamerbaset
woscreens.sty)
(C:\Users\Arfakhsyad\AppData\Local\Programs\MiKTeX\tex/latex/beamer\beamerbaseo
verlay.sty
\beamer@argscount=\count331
\beamer@lastskipcover=\skip52
\beamer@trivlistdepth=\count332
)
(C:\Users\Arfakhsyad\AppData\Local\Programs\MiKTeX\tex/latex/beamer\beamerbaset
itle.sty)
(C:\Users\Arfakhsyad\AppData\Local\Programs\MiKTeX\tex/latex/beamer\beamerbases
ection.sty
\c@lecture=\count333
\c@part=\count334
\c@section=\count335
\c@subsection=\count336
\c@subsubsection=\count337
)
(C:\Users\Arfakhsyad\AppData\Local\Programs\MiKTeX\tex/latex/beamer\beamerbasef
rame.sty
\beamer@framebox=\box68
\beamer@frametitlebox=\box69
\beamer@zoombox=\box70
\beamer@zoomcount=\count338
\beamer@zoomframecount=\count339
\beamer@frametextheight=\dimen279
\c@subsectionslide=\count340
\beamer@frametopskip=\skip53
\beamer@framebottomskip=\skip54
\beamer@frametopskipautobreak=\skip55
\beamer@framebottomskipautobreak=\skip56
\beamer@envbody=\toks30
\framewidth=\dimen280
\c@framenumber=\count341
)
(C:\Users\Arfakhsyad\AppData\Local\Programs\MiKTeX\tex/latex/beamer\beamerbasev
erbatim.sty
\beamer@verbatimfileout=\write4
)
(C:\Users\Arfakhsyad\AppData\Local\Programs\MiKTeX\tex/latex/beamer\beamerbasef
ramesize.sty
\beamer@splitbox=\box71
\beamer@autobreakcount=\count342
\beamer@autobreaklastheight=\dimen281
\beamer@frametitletoks=\toks31
\beamer@framesubtitletoks=\toks32
)
(C:\Users\Arfakhsyad\AppData\Local\Programs\MiKTeX\tex/latex/beamer\beamerbasef
ramecomponents.sty
\beamer@colheight=\skip57
\beamer@footins=\box72
)
(C:\Users\Arfakhsyad\AppData\Local\Programs\MiKTeX\tex/latex/beamer\beamerbasec
olor.sty)
(C:\Users\Arfakhsyad\AppData\Local\Programs\MiKTeX\tex/latex/beamer\beamerbasen
otes.sty
\beamer@frameboxcopy=\box73
)
(C:\Users\Arfakhsyad\AppData\Local\Programs\MiKTeX\tex/latex/beamer\beamerbaset
oc.sty)
(C:\Users\Arfakhsyad\AppData\Local\Programs\MiKTeX\tex/latex/beamer\beamerbaset
emplates.sty
\beamer@sbttoks=\toks33

(C:\Users\Arfakhsyad\AppData\Local\Programs\MiKTeX\tex/latex/beamer\beamerbasea
uxtemplates.sty
(C:\Users\Arfakhsyad\AppData\Local\Programs\MiKTeX\tex/latex/beamer\beamerbaseb
oxes.sty
\bmb@box=\box74
\bmb@colorbox=\box75
\bmb@boxwidth=\dimen282
\bmb@boxheight=\dimen283
\bmb@prevheight=\dimen284
\bmb@temp=\dimen285
\bmb@dima=\dimen286
\bmb@dimb=\dimen287
\bmb@prevheight=\dimen288
)
\beamer@blockheadheight=\dimen289
))
(C:\Users\Arfakhsyad\AppData\Local\Programs\MiKTeX\tex/latex/beamer\beamerbasel
ocalstructure.sty
(C:\Users\Arfakhsyad\AppData\Local\Programs\MiKTeX\tex/latex/tools\enumerate.st
y
Package: enumerate 2023/07/04 v3.00 enumerate extensions (DPC)
\@enLab=\toks34
)
\beamer@bibiconwidth=\skip58
\c@figure=\count343
\c@table=\count344
\abovecaptionskip=\skip59
\belowcaptionskip=\skip60
)
(C:\Users\Arfakhsyad\AppData\Local\Programs\MiKTeX\tex/latex/beamer\beamerbasen
avigation.sty
(C:\Users\Arfakhsyad\AppData\Local\Programs\MiKTeX\tex/latex/beamer\beamerbasen
avigationsymbols.tex)
\beamer@section@min@dim=\dimen290
)
(C:\Users\Arfakhsyad\AppData\Local\Programs\MiKTeX\tex/latex/beamer\beamerbaset
heorems.sty
(C:\Users\Arfakhsyad\AppData\Local\Programs\MiKTeX\tex/latex/amsmath\amsmath.st
y
Package: amsmath 2025/07/09 v2.17z AMS math features
\@mathmargin=\skip61

For additional information on amsmath, use the `?' option.

(C:\Users\Arfakhsyad\AppData\Local\Programs\MiKTeX\tex/latex/amsmath\amstext.st
y
Package: amstext 2024/11/17 v2.01 AMS text

(C:\Users\Arfakhsyad\AppData\Local\Programs\MiKTeX\tex/latex/amsmath\amsgen.sty
File: amsgen.sty 1999/11/30 v2.0 generic functions
\@emptytoks=\toks35
\ex@=\dimen291
))
(C:\Users\Arfakhsyad\AppData\Local\Programs\MiKTeX\tex/latex/amsmath\amsbsy.sty
Package: amsbsy 1999/11/29 v1.2d Bold Symbols
\pmbraise@=\dimen292
)
(C:\Users\Arfakhsyad\AppData\Local\Programs\MiKTeX\tex/latex/amsmath\amsopn.sty
Package: amsopn 2022/04/08 v2.04 operator names
)
\inf@bad=\count345
LaTeX Info: Redefining \frac on input line 233.
\uproot@=\count346
\leftroot@=\count347
LaTeX Info: Redefining \overline on input line 398.
LaTeX Info: Redefining \colon on input line 409.
\classnum@=\count348
\DOTSCASE@=\count349
LaTeX Info: Redefining \ldots on input line 495.
LaTeX Info: Redefining \dots on input line 498.
LaTeX Info: Redefining \cdots on input line 619.
\Mathstrutbox@=\box76
\strutbox@=\box77
LaTeX Info: Redefining \big on input line 721.
LaTeX Info: Redefining \Big on input line 722.
LaTeX Info: Redefining \bigg on input line 723.
LaTeX Info: Redefining \Bigg on input line 724.
\big@size=\dimen293
LaTeX Font Info:    Redeclaring font encoding OML on input line 742.
LaTeX Font Info:    Redeclaring font encoding OMS on input line 743.
\macc@depth=\count350
LaTeX Info: Redefining \bmod on input line 904.
LaTeX Info: Redefining \pmod on input line 909.
LaTeX Info: Redefining \smash on input line 939.
LaTeX Info: Redefining \relbar on input line 969.
LaTeX Info: Redefining \Relbar on input line 970.
\c@MaxMatrixCols=\count351
\dotsspace@=\muskip18
\c@parentequation=\count352
\dspbrk@lvl=\count353
\tag@help=\toks36
\row@=\count354
\column@=\count355
\maxfields@=\count356
\andhelp@=\toks37
\eqnshift@=\dimen294
\alignsep@=\dimen295
\tagshift@=\dimen296
\tagwidth@=\dimen297
\totwidth@=\dimen298
\lineht@=\dimen299
\@envbody=\toks38
\multlinegap=\skip62
\multlinetaggap=\skip63
\mathdisplay@stack=\toks39
LaTeX Info: Redefining \[ on input line 2950.
LaTeX Info: Redefining \] on input line 2951.
)
(C:\Users\Arfakhsyad\AppData\Local\Programs\MiKTeX\tex/latex/amscls\amsthm.sty
Package: amsthm 2020/05/29 v2.20.6
\thm@style=\toks40
\thm@bodyfont=\toks41
\thm@headfont=\toks42
\thm@notefont=\toks43
\thm@headpunct=\toks44
\thm@preskip=\skip64
\thm@postskip=\skip65
\thm@headsep=\skip66
\dth@everypar=\toks45
)
\c@theorem=\count357
)
(C:\Users\Arfakhsyad\AppData\Local\Programs\MiKTeX\tex/latex/beamer\beamerbaset
hemes.sty))
(C:\Users\Arfakhsyad\AppData\Local\Programs\MiKTeX\tex/latex/beamer\beamertheme
default.sty
(C:\Users\Arfakhsyad\AppData\Local\Programs\MiKTeX\tex/latex/beamer\beamerfontt
hemedefault.sty)
(C:\Users\Arfakhsyad\AppData\Local\Programs\MiKTeX\tex/latex/beamer\beamercolor
themedefault.sty)
(C:\Users\Arfakhsyad\AppData\Local\Programs\MiKTeX\tex/latex/beamer\beamerinner
themedefault.sty
\beamer@dima=\dimen300
\beamer@dimb=\dimen301
)
(C:\Users\Arfakhsyad\AppData\Local\Programs\MiKTeX\tex/latex/beamer\beamerouter
themedefault.sty)))
(C:\Users\Arfakhsyad\AppData\Local\Programs\MiKTeX\tex/latex/beamertheme-metrop
olis\beamerthememetropolis.sty
Package: beamerthememetropolis 2017/01/23 v1.2 Metropolis Beamer theme

(C:\Users\Arfakhsyad\AppData\Local\Programs\MiKTeX\tex/latex/pgfopts\pgfopts.st
y
Package: pgfopts 2014/07/10 v2.1a LaTeX package options with pgfkeys
\pgfopts@list@add@a@toks=\toks46
\pgfopts@list@add@b@toks=\toks47
)
(C:\Users\Arfakhsyad\AppData\Local\Programs\MiKTeX\tex/latex/beamertheme-metrop
olis\beamerinnerthememetropolis.sty
Package: beamerinnerthememetropolis 2017/01/23 Metropolis inner theme

(C:\Users\Arfakhsyad\AppData\Local\Programs\MiKTeX\tex/latex/tools\calc.sty
Package: calc 2025/03/01 v4.3b Infix arithmetic (KKT,FJ)
\calc@Acount=\count358
\calc@Bcount=\count359
\calc@Adimen=\dimen302
\calc@Bdimen=\dimen303
\calc@Askip=\skip67
\calc@Bskip=\skip68
LaTeX Info: Redefining \setlength on input line 86.
LaTeX Info: Redefining \addtolength on input line 87.
\calc@Ccount=\count360
\calc@Cskip=\skip69
)
(C:\Users\Arfakhsyad\AppData\Local\Programs\MiKTeX\tex/latex/pgf/frontendlayer\
tikz.sty
(C:\Users\Arfakhsyad\AppData\Local\Programs\MiKTeX\tex/latex/pgf/basiclayer\pgf
.sty
Package: pgf 2025-08-29 v3.1.11a (3.1.11a)

(C:\Users\Arfakhsyad\AppData\Local\Programs\MiKTeX\tex/generic/pgf/modules\pgfm
oduleshapes.code.tex
File: pgfmoduleshapes.code.tex 2025-08-29 v3.1.11a (3.1.11a)
\pgfnodeparttextbox=\box78
)
(C:\Users\Arfakhsyad\AppData\Local\Programs\MiKTeX\tex/generic/pgf/modules\pgfm
oduleplot.code.tex
File: pgfmoduleplot.code.tex 2025-08-29 v3.1.11a (3.1.11a)
)
(C:\Users\Arfakhsyad\AppData\Local\Programs\MiKTeX\tex/latex/pgf/compatibility\
pgfcomp-version-0-65.sty
Package: pgfcomp-version-0-65 2025-08-29 v3.1.11a (3.1.11a)
\pgf@nodesepstart=\dimen304
\pgf@nodesepend=\dimen305
)
(C:\Users\Arfakhsyad\AppData\Local\Programs\MiKTeX\tex/latex/pgf/compatibility\
pgfcomp-version-1-18.sty
Package: pgfcomp-version-1-18 2025-08-29 v3.1.11a (3.1.11a)
))
(C:\Users\Arfakhsyad\AppData\Local\Programs\MiKTeX\tex/latex/pgf/utilities\pgff
or.sty
(C:\Users\Arfakhsyad\AppData\Local\Programs\MiKTeX\tex/generic/pgf/utilities\pg
ffor.code.tex
Package: pgffor 2025-08-29 v3.1.11a (3.1.11a)
\pgffor@iter=\dimen306
\pgffor@skip=\dimen307
\pgffor@stack=\toks48
\pgffor@toks=\toks49
))
(C:\Users\Arfakhsyad\AppData\Local\Programs\MiKTeX\tex/generic/pgf/frontendlaye
r/tikz\tikz.code.tex
Package: tikz 2025-08-29 v3.1.11a (3.1.11a)

(C:\Users\Arfakhsyad\AppData\Local\Programs\MiKTeX\tex/generic/pgf/libraries\pg
flibraryplothandlers.code.tex
File: pgflibraryplothandlers.code.tex 2025-08-29 v3.1.11a (3.1.11a)
\pgf@plot@mark@count=\count361
\pgfplotmarksize=\dimen308
)
\tikz@lastx=\dimen309
\tikz@lasty=\dimen310
\tikz@lastxsaved=\dimen311
\tikz@lastysaved=\dimen312
\tikz@lastmovetox=\dimen313
\tikz@lastmovetoy=\dimen314
\tikzleveldistance=\dimen315
\tikzsiblingdistance=\dimen316
\tikz@figbox=\box79
\tikz@figbox@bg=\box80
\tikz@tempbox=\box81
\tikz@tempbox@bg=\box82
\tikztreelevel=\count362
\tikznumberofchildren=\count363
\tikznumberofcurrentchild=\count364
\tikz@fig@count=\count365

(C:\Users\Arfakhsyad\AppData\Local\Programs\MiKTeX\tex/generic/pgf/modules\pgfm
odulematrix.code.tex
File: pgfmodulematrix.code.tex 2025-08-29 v3.1.11a (3.1.11a)
\pgfmatrixcurrentrow=\count366
\pgfmatrixcurrentcolumn=\count367
\pgf@matrix@numberofcolumns=\count368
)
\tikz@expandcount=\count369

(C:\Users\Arfakhsyad\AppData\Local\Programs\MiKTeX\tex/generic/pgf/frontendlaye
r/tikz/libraries\tikzlibrarytopaths.code.tex
File: tikzlibrarytopaths.code.tex 2025-08-29 v3.1.11a (3.1.11a)
)))
\metropolis@titleseparator@linewidth=\skip70
\metropolis@progressonsectionpage=\skip71
\metropolis@progressonsectionpage@linewidth=\skip72
\metropolis@blocksep=\skip73
\metropolis@blockadjust=\skip74
\metropolis@parskip=\skip75
)
(C:\Users\Arfakhsyad\AppData\Local\Programs\MiKTeX\tex/latex/beamertheme-metrop
olis\beamerouterthememetropolis.sty
Package: beamerouterthememetropolis 2017/01/23 Metropolis outer theme
\metropolis@frametitle@padding=\skip76
\metropolis@progressinheadfoot=\skip77
\metropolis@progressinheadfoot@linewidth=\skip78
)
(C:\Users\Arfakhsyad\AppData\Local\Programs\MiKTeX\tex/latex/beamertheme-metrop
olis\beamercolorthememetropolis.sty
Package: beamercolorthememetropolis 2017/01/23 Metropolis color theme
)
(C:\Users\Arfakhsyad\AppData\Local\Programs\MiKTeX\tex/latex/beamertheme-metrop
olis\beamerfontthememetropolis.sty
Package: beamerfontthememetropolis 2017/01/23 Metropolis font theme

(C:\Users\Arfakhsyad\AppData\Local\Programs\MiKTeX\tex/generic/iftex\ifxetex.st
y
Package: ifxetex 2019/10/25 v0.7 ifxetex legacy package. Use iftex instead.
)
(C:\Users\Arfakhsyad\AppData\Local\Programs\MiKTeX\tex/generic/iftex\ifluatex.s
ty
Package: ifluatex 2019/10/25 v1.5 ifluatex legacy package. Use iftex instead.
)

Package beamerthememetropolis Warning: You need to compile with XeLaTeX or LuaL
aTeX to use the Fira fonts on input line 95.

))
(C:\Users\Arfakhsyad\AppData\Local\Programs\MiKTeX\tex/latex/pgfplots\pgfplots.
sty
(C:\Users\Arfakhsyad\AppData\Local\Programs\MiKTeX\tex/generic/pgfplots\pgfplot
s.revision.tex)
Package: pgfplots 2021/05/15 v1.18.1 Data Visualization (1.18.1)

(C:\Users\Arfakhsyad\AppData\Local\Programs\MiKTeX\tex/generic/pgfplots\pgfplot
s.code.tex
(C:\Users\Arfakhsyad\AppData\Local\Programs\MiKTeX\tex/generic/pgfplots\pgfplot
score.code.tex
\t@pgfplots@toka=\toks50
\t@pgfplots@tokb=\toks51
\t@pgfplots@tokc=\toks52
\pgfplots@tmpa=\dimen317
\c@pgfplots@coordindex=\count370
\c@pgfplots@scanlineindex=\count371

(C:\Users\Arfakhsyad\AppData\Local\Programs\MiKTeX\tex/generic/pgfplots/sys\pgf
plotssysgeneric.code.tex))
(C:\Users\Arfakhsyad\AppData\Local\Programs\MiKTeX\tex/generic/pgfplots/libs\pg
fplotslibrary.code.tex)
(C:\Users\Arfakhsyad\AppData\Local\Programs\MiKTeX\tex/generic/pgfplots/oldpgfc
ompatib\pgfplotsoldpgfsupp_loader.code.tex
(C:\Users\Arfakhsyad\AppData\Local\Programs\MiKTeX\tex/generic/pgf/libraries\pg
flibraryfpu.code.tex)
Package pgfplots: loading complementary utilities for your pgf version...
\t@pgf@toka=\toks53
\t@pgf@tokb=\toks54
\t@pgf@tokc=\toks55

(C:\Users\Arfakhsyad\AppData\Local\Programs\MiKTeX\tex/generic/pgfplots/oldpgfc
ompatib\pgfplotsoldpgfsupp_pgfutil-common-lists.tex))
(C:\Users\Arfakhsyad\AppData\Local\Programs\MiKTeX\tex/generic/pgfplots/util\pg
fplotsutil.code.tex
(C:\Users\Arfakhsyad\AppData\Local\Programs\MiKTeX\tex/generic/pgfplots/liststr
ucture\pgfplotsliststructure.code.tex)
(C:\Users\Arfakhsyad\AppData\Local\Programs\MiKTeX\tex/generic/pgfplots/liststr
ucture\pgfplotsliststructureext.code.tex)
(C:\Users\Arfakhsyad\AppData\Local\Programs\MiKTeX\tex/generic/pgfplots/liststr
ucture\pgfplotsarray.code.tex
\c@pgfplotsarray@tmp=\count372
)
(C:\Users\Arfakhsyad\AppData\Local\Programs\MiKTeX\tex/generic/pgfplots/liststr
ucture\pgfplotsmatrix.code.tex)
(C:\Users\Arfakhsyad\AppData\Local\Programs\MiKTeX\tex/generic/pgfplots/numtabl
e\pgfplotstableshared.code.tex
\c@pgfplotstable@counta=\count373
\t@pgfplotstable@a=\toks56
)
(C:\Users\Arfakhsyad\AppData\Local\Programs\MiKTeX\tex/generic/pgfplots/liststr
ucture\pgfplotsdeque.code.tex)
(C:\Users\Arfakhsyad\AppData\Local\Programs\MiKTeX\tex/generic/pgfplots/util\pg
fplotsbinary.code.tex
(C:\Users\Arfakhsyad\AppData\Local\Programs\MiKTeX\tex/generic/pgfplots/util\pg
fplotsbinary.data.code.tex))
(C:\Users\Arfakhsyad\AppData\Local\Programs\MiKTeX\tex/generic/pgfplots/util\pg
fplotsutil.verb.code.tex)
(C:\Users\Arfakhsyad\AppData\Local\Programs\MiKTeX\tex/generic/pgfplots/libs\pg
flibrarypgfplots.surfshading.code.tex
\c@pgfplotslibrarysurf@no=\count374

(C:\Users\Arfakhsyad\AppData\Local\Programs\MiKTeX\tex/generic/pgfplots/sys\pgf
librarypgfplots.surfshading.pgfsys-pdftex.def)))
(C:\Users\Arfakhsyad\AppData\Local\Programs\MiKTeX\tex/generic/pgfplots/util\pg
fplotscolormap.code.tex
(C:\Users\Arfakhsyad\AppData\Local\Programs\MiKTeX\tex/generic/pgfplots/util\pg
fplotscolor.code.tex))
(C:\Users\Arfakhsyad\AppData\Local\Programs\MiKTeX\tex/generic/pgfplots\pgfplot
sstackedplots.code.tex)
(C:\Users\Arfakhsyad\AppData\Local\Programs\MiKTeX\tex/generic/pgfplots\pgfplot
splothandlers.code.tex
(C:\Users\Arfakhsyad\AppData\Local\Programs\MiKTeX\tex/generic/pgfplots\pgfplot
smeshplothandler.code.tex
(C:\Users\Arfakhsyad\AppData\Local\Programs\MiKTeX\tex/generic/pgfplots\pgfplot
smeshplotimage.code.tex)))
(C:\Users\Arfakhsyad\AppData\Local\Programs\MiKTeX\tex/generic/pgfplots\pgfplot
s.scaling.code.tex)
(C:\Users\Arfakhsyad\AppData\Local\Programs\MiKTeX\tex/generic/pgfplots\pgfplot
scoordprocessing.code.tex)
(C:\Users\Arfakhsyad\AppData\Local\Programs\MiKTeX\tex/generic/pgfplots\pgfplot
s.errorbars.code.tex)
(C:\Users\Arfakhsyad\AppData\Local\Programs\MiKTeX\tex/generic/pgfplots\pgfplot
s.markers.code.tex)
(C:\Users\Arfakhsyad\AppData\Local\Programs\MiKTeX\tex/generic/pgfplots\pgfplot
sticks.code.tex)
(C:\Users\Arfakhsyad\AppData\Local\Programs\MiKTeX\tex/generic/pgfplots\pgfplot
s.paths.code.tex)
(C:\Users\Arfakhsyad\AppData\Local\Programs\MiKTeX\tex/generic/pgf/frontendlaye
r/tikz/libraries\tikzlibrarydecorations.code.tex
(C:\Users\Arfakhsyad\AppData\Local\Programs\MiKTeX\tex/generic/pgf/modules\pgfm
oduledecorations.code.tex
\pgfdecoratedcompleteddistance=\dimen318
\pgfdecoratedremainingdistance=\dimen319
\pgfdecoratedinputsegmentcompleteddistance=\dimen320
\pgfdecoratedinputsegmentremainingdistance=\dimen321
\pgf@decorate@distancetomove=\dimen322
\pgf@decorate@repeatstate=\count375
\pgfdecorationsegmentamplitude=\dimen323
\pgfdecorationsegmentlength=\dimen324
)
\tikz@lib@dec@box=\box83
)
(C:\Users\Arfakhsyad\AppData\Local\Programs\MiKTeX\tex/generic/pgf/frontendlaye
r/tikz/libraries\tikzlibrarydecorations.pathmorphing.code.tex
(C:\Users\Arfakhsyad\AppData\Local\Programs\MiKTeX\tex/generic/pgf/libraries/de
corations\pgflibrarydecorations.pathmorphing.code.tex))
(C:\Users\Arfakhsyad\AppData\Local\Programs\MiKTeX\tex/generic/pgf/frontendlaye
r/tikz/libraries\tikzlibrarydecorations.pathreplacing.code.tex
(C:\Users\Arfakhsyad\AppData\Local\Programs\MiKTeX\tex/generic/pgf/libraries/de
corations\pgflibrarydecorations.pathreplacing.code.tex))
(C:\Users\Arfakhsyad\AppData\Local\Programs\MiKTeX\tex/generic/pgfplots/libs\ti
kzlibrarypgfplots.contourlua.code.tex)
\pgfplots@numplots=\count376
\pgfplots@xmin@reg=\dimen325
\pgfplots@xmax@reg=\dimen326
\pgfplots@ymin@reg=\dimen327
\pgfplots@ymax@reg=\dimen328
\pgfplots@zmin@reg=\dimen329
\pgfplots@zmax@reg=\dimen330
)
(C:\Users\Arfakhsyad\AppData\Local\Programs\MiKTeX\tex/generic/pgf/frontendlaye
r/tikz/libraries\tikzlibraryplotmarks.code.tex
File: tikzlibraryplotmarks.code.tex 2025-08-29 v3.1.11a (3.1.11a)

(C:\Users\Arfakhsyad\AppData\Local\Programs\MiKTeX\tex/generic/pgf/libraries\pg
flibraryplotmarks.code.tex
File: pgflibraryplotmarks.code.tex 2025-08-29 v3.1.11a (3.1.11a)
)))
(C:\Users\Arfakhsyad\AppData\Local\Programs\MiKTeX\tex/generic/pgf/libraries\pg
flibraryarrows.meta.code.tex
File: pgflibraryarrows.meta.code.tex 2025-08-29 v3.1.11a (3.1.11a)
\pgfarrowinset=\dimen331
\pgfarrowlength=\dimen332
\pgfarrowwidth=\dimen333
\pgfarrowlinewidth=\dimen334
)
(C:\Users\Arfakhsyad\AppData\Local\Programs\MiKTeX\tex/generic/pgf/frontendlaye
r/tikz/libraries\tikzlibrarypositioning.code.tex
File: tikzlibrarypositioning.code.tex 2025-08-29 v3.1.11a (3.1.11a)
)
(C:\Users\Arfakhsyad\AppData\Local\Programs\MiKTeX\tex/generic/pgf/frontendlaye
r/tikz/libraries\tikzlibraryshapes.geometric.code.tex
File: tikzlibraryshapes.geometric.code.tex 2025-08-29 v3.1.11a (3.1.11a)

(C:\Users\Arfakhsyad\AppData\Local\Programs\MiKTeX\tex/generic/pgf/libraries/sh
apes\pgflibraryshapes.geometric.code.tex
File: pgflibraryshapes.geometric.code.tex 2025-08-29 v3.1.11a (3.1.11a)
))
(C:\Users\Arfakhsyad\AppData\Local\Programs\MiKTeX\tex/generic/pgf/frontendlaye
r/tikz/libraries\tikzlibrarycalc.code.tex
File: tikzlibrarycalc.code.tex 2025-08-29 v3.1.11a (3.1.11a)
)
(C:\Users\Arfakhsyad\AppData\Local\Programs\MiKTeX\tex/generic/pgf/frontendlaye
r/tikz/libraries\tikzlibraryfit.code.tex
File: tikzlibraryfit.code.tex 2025-08-29 v3.1.11a (3.1.11a)
)
(C:\Users\Arfakhsyad\AppData\Local\Programs\MiKTeX\tex/generic/pgf/frontendlaye
r/tikz/libraries\tikzlibrarybackgrounds.code.tex
File: tikzlibrarybackgrounds.code.tex 2025-08-29 v3.1.11a (3.1.11a)
\pgf@layerbox@background=\box84
\pgf@layerboxsaved@background=\box85
)
(C:\Users\Arfakhsyad\AppData\Local\Programs\MiKTeX\tex/latex/booktabs\booktabs.
sty
Package: booktabs 2020/01/12 v1.61803398 Publication quality tables
\heavyrulewidth=\dimen335
\lightrulewidth=\dimen336
\cmidrulewidth=\dimen337
\belowrulesep=\dimen338
\belowbottomsep=\dimen339
\aboverulesep=\dimen340
\abovetopsep=\dimen341
\cmidrulesep=\dimen342
\cmidrulekern=\dimen343
\defaultaddspace=\dimen344
\@cmidla=\count377
\@cmidlb=\count378
\@aboverulesep=\dimen345
\@belowrulesep=\dimen346
\@thisruleclass=\count379
\@lastruleclass=\count380
\@thisrulewidth=\dimen347
)
\sympureletters=\mathgroup6
LaTeX Font Info:    Overwriting symbol font `pureletters' in version `bold'
(Font)                  OT1/mathkerncmss/m/sl --> OT1/mathkerncmss/bx/sl on inp
ut line 16.
 (C:\Users\Arfakhsyad\AppData\Local\Programs\MiKTeX\tex/latex/tools\bm.sty
Package: bm 2025/10/21 v1.2g Bold Symbol Support (DPC/FMi)
\symboldoperators=\mathgroup7
\symboldletters=\mathgroup8
\symboldsymbols=\mathgroup9
Package bm Info: No bold for \OMX/cmex/m/n, using \pmb.
Package bm Info: No bold for \U/msa/m/n, using \pmb.
Package bm Info: No bold for \U/msb/m/n, using \pmb.
\symboldpureletters=\mathgroup10
LaTeX Font Info:    Redeclaring math alphabet \mathbf on input line 149.
)
(C:\Users\Arfakhsyad\AppData\Local\Programs\MiKTeX\tex/latex/beamertheme-metrop
olis\pgfplotsthemetol.sty
Package: pgfplotsthemetol 2017/01/23 PGFplots colors based on Paul Tol's SRON t
echnical note
)
(C:\Users\Arfakhsyad\AppData\Local\Programs\MiKTeX\tex/latex/l3backend\l3backen
d-pdftex.def
File: l3backend-pdftex.def 2025-10-09 L3 backend support: PDF output (pdfTeX)
\l__color_backend_stack_int=\count381
) (progress_report.aux)
\openout1 = `progress_report.aux'.

LaTeX Font Info:    Checking defaults for OML/cmm/m/it on input line 35.
LaTeX Font Info:    ... okay on input line 35.
LaTeX Font Info:    Checking defaults for OMS/cmsy/m/n on input line 35.
LaTeX Font Info:    ... okay on input line 35.
LaTeX Font Info:    Checking defaults for OT1/cmr/m/n on input line 35.
LaTeX Font Info:    ... okay on input line 35.
LaTeX Font Info:    Checking defaults for T1/cmr/m/n on input line 35.
LaTeX Font Info:    ... okay on input line 35.
LaTeX Font Info:    Checking defaults for TS1/cmr/m/n on input line 35.
LaTeX Font Info:    ... okay on input line 35.
LaTeX Font Info:    Checking defaults for OMX/cmex/m/n on input line 35.
LaTeX Font Info:    ... okay on input line 35.
LaTeX Font Info:    Checking defaults for U/cmr/m/n on input line 35.
LaTeX Font Info:    ... okay on input line 35.
LaTeX Font Info:    Checking defaults for PD1/pdf/m/n on input line 35.
LaTeX Font Info:    ... okay on input line 35.
LaTeX Font Info:    Checking defaults for PU/pdf/m/n on input line 35.
LaTeX Font Info:    ... okay on input line 35.

*geometry* driver: auto-detecting
*geometry* detected driver: pdftex
*geometry* verbose mode - [ preamble ] result:
* driver: pdftex
* paper: custom
* layout: <same size as paper>
* layoutoffset:(h,v)=(0.0pt,0.0pt)
* modes: includehead includefoot 
* h-part:(L,W,R)=(28.45274pt, 398.3386pt, 28.45274pt)
* v-part:(T,H,B)=(0.0pt, 256.0748pt, 0.0pt)
* \paperwidth=455.24408pt
* \paperheight=256.0748pt
* \textwidth=398.3386pt
* \textheight=227.62207pt
* \oddsidemargin=-43.81725pt
* \evensidemargin=-43.81725pt
* \topmargin=-72.26999pt
* \headheight=14.22636pt
* \headsep=0.0pt
* \topskip=11.0pt
* \footskip=14.22636pt
* \marginparwidth=4.0pt
* \marginparsep=10.0pt
* \columnsep=10.0pt
* \skip\footins=10.0pt plus 4.0pt minus 2.0pt
* \hoffset=0.0pt
* \voffset=0.0pt
* \mag=1000
* \@twocolumnfalse
* \@twosidefalse
* \@mparswitchfalse
* \@reversemarginfalse
* (1in=72.27pt=25.4mm, 1cm=28.453pt)


(C:\Users\Arfakhsyad\AppData\Local\Programs\MiKTeX\tex/context/base/mkii\supp-p
df.mkii
[Loading MPS to PDF converter (version 2006.09.02).]
\scratchcounter=\count382
\scratchdimen=\dimen348
\scratchbox=\box86
\nofMPsegments=\count383
\nofMParguments=\count384
\everyMPshowfont=\toks57
\MPscratchCnt=\count385
\MPscratchDim=\dimen349
\MPnumerator=\count386
\makeMPintoPDFobject=\count387
\everyMPtoPDFconversion=\toks58
)
(C:\Users\Arfakhsyad\AppData\Local\Programs\MiKTeX\tex/latex/epstopdf-pkg\epsto
pdf-base.sty
Package: epstopdf-base 2020-01-24 v2.11 Base part for package epstopdf
Package epstopdf-base Info: Redefining graphics rule for `.eps' on input line 4
85.

(C:\Users\Arfakhsyad\AppData\Local\Programs\MiKTeX\tex/latex/00miktex\epstopdf-
sys.cfg
File: epstopdf-sys.cfg 2021/03/18 v2.0 Configuration of epstopdf for MiKTeX
))
Package hyperref Info: Link coloring OFF on input line 35.
 (progress_report.out) (progress_report.out)
\@outlinefile=\write5
\openout5 = `progress_report.out'.

LaTeX Font Info:    Overwriting symbol font `operators' in version `normal'
(Font)                  OT1/cmr/m/n --> OT1/cmss/m/n on input line 35.
LaTeX Font Info:    Overwriting symbol font `operators' in version `bold'
(Font)                  OT1/cmr/bx/n --> OT1/cmss/b/n on input line 35.
\symnumbers=\mathgroup11
LaTeX Font Info:    Redeclaring symbol font `pureletters' on input line 35.
LaTeX Font Info:    Overwriting symbol font `pureletters' in version `normal'
(Font)                  OT1/mathkerncmss/m/sl --> OT1/cmss/m/it on input line 3
5.
LaTeX Font Info:    Overwriting symbol font `pureletters' in version `bold'
(Font)                  OT1/mathkerncmss/bx/sl --> OT1/cmss/m/it on input line 
35.
LaTeX Font Info:    Overwriting math alphabet `\mathrm' in version `normal'
(Font)                  OT1/cmss/m/n --> OT1/cmr/m/n on input line 35.
LaTeX Font Info:    Redeclaring math alphabet \mathbf on input line 35.
LaTeX Font Info:    Redeclaring math alphabet \mathsf on input line 35.
LaTeX Font Info:    Overwriting math alphabet `\mathsf' in version `normal'
(Font)                  OT1/cmss/m/n --> OT1/cmss/m/n on input line 35.
LaTeX Font Info:    Overwriting math alphabet `\mathsf' in version `bold'
(Font)                  OT1/cmss/bx/n --> OT1/cmss/m/n on input line 35.
LaTeX Font Info:    Redeclaring math alphabet \mathit on input line 35.
LaTeX Font Info:    Overwriting math alphabet `\mathit' in version `normal'
(Font)                  OT1/cmr/m/it --> OT1/cmss/m/it on input line 35.
LaTeX Font Info:    Overwriting math alphabet `\mathit' in version `bold'
(Font)                  OT1/cmr/bx/it --> OT1/cmss/m/it on input line 35.
LaTeX Font Info:    Redeclaring math alphabet \mathtt on input line 35.
LaTeX Font Info:    Overwriting math alphabet `\mathtt' in version `normal'
(Font)                  OT1/cmtt/m/n --> OT1/cmtt/m/n on input line 35.
LaTeX Font Info:    Overwriting math alphabet `\mathtt' in version `bold'
(Font)                  OT1/cmtt/m/n --> OT1/cmtt/m/n on input line 35.
LaTeX Font Info:    Overwriting symbol font `numbers' in version `bold'
(Font)                  OT1/cmss/m/n --> OT1/cmss/b/n on input line 35.
LaTeX Font Info:    Overwriting symbol font `pureletters' in version `bold'
(Font)                  OT1/cmss/m/it --> OT1/cmss/b/it on input line 35.
LaTeX Font Info:    Overwriting math alphabet `\mathrm' in version `bold'
(Font)                  OT1/cmss/b/n --> OT1/cmr/b/n on input line 35.
LaTeX Font Info:    Overwriting math alphabet `\mathbf' in version `bold'
(Font)                  OT1/cmss/b/n --> OT1/cmss/b/n on input line 35.
LaTeX Font Info:    Overwriting math alphabet `\mathsf' in version `bold'
(Font)                  OT1/cmss/m/n --> OT1/cmss/b/n on input line 35.
LaTeX Font Info:    Overwriting math alphabet `\mathit' in version `bold'
(Font)                  OT1/cmss/m/it --> OT1/cmss/b/it on input line 35.
LaTeX Font Info:    Overwriting math alphabet `\mathtt' in version `bold'
(Font)                  OT1/cmtt/m/n --> OT1/cmtt/b/n on input line 35.
LaTeX Font Info:    Redeclaring symbol font `pureletters' on input line 35.
LaTeX Font Info:    Overwriting symbol font `pureletters' in version `normal'
(Font)                  OT1/cmss/m/it --> OT1/mathkerncmss/m/sl on input line 3
5.
LaTeX Font Info:    Overwriting symbol font `pureletters' in version `bold'
(Font)                  OT1/cmss/b/it --> OT1/mathkerncmss/m/sl on input line 3
5.
LaTeX Font Info:    Overwriting symbol font `pureletters' in version `bold'
(Font)                  OT1/mathkerncmss/m/sl --> OT1/mathkerncmss/bx/sl on inp
ut line 35.

(C:\Users\Arfakhsyad\AppData\Local\Programs\MiKTeX\tex/latex/translator\transla
tor-basic-dictionary-English.dict
Dictionary: translator-basic-dictionary, Language: English 
)
(C:\Users\Arfakhsyad\AppData\Local\Programs\MiKTeX\tex/latex/translator\transla
tor-bibliography-dictionary-English.dict
Dictionary: translator-bibliography-dictionary, Language: English 
)
(C:\Users\Arfakhsyad\AppData\Local\Programs\MiKTeX\tex/latex/translator\transla
tor-environment-dictionary-English.dict
Dictionary: translator-environment-dictionary, Language: English 
)
(C:\Users\Arfakhsyad\AppData\Local\Programs\MiKTeX\tex/latex/translator\transla
tor-months-dictionary-English.dict
Dictionary: translator-months-dictionary, Language: English 
)
(C:\Users\Arfakhsyad\AppData\Local\Programs\MiKTeX\tex/latex/translator\transla
tor-numbers-dictionary-English.dict
Dictionary: translator-numbers-dictionary, Language: English 
)
(C:\Users\Arfakhsyad\AppData\Local\Programs\MiKTeX\tex/latex/translator\transla
tor-theorem-dictionary-English.dict
Dictionary: translator-theorem-dictionary, Language: English 
)
Package pgfplots notification 'compat/show suggested version=true': you might b
enefit from \pgfplotsset{compat=1.18} (current compat level: 1.9).

(progress_report.nav)
Overfull \vbox (15.63992pt too high) detected at line 36
 []

[1

{C:/Users/Arfakhsyad/AppData/Local/MiKTeX/fonts/map/pdftex/pdftex.map}]
LaTeX Font Info:    Trying to load font information for U+msa on input line 48.


(C:\Users\Arfakhsyad\AppData\Local\Programs\MiKTeX\tex/latex/amsfonts\umsa.fd
File: umsa.fd 2013/01/14 v3.01 AMS symbols A
)
LaTeX Font Info:    Trying to load font information for U+msb on input line 48.


(C:\Users\Arfakhsyad\AppData\Local\Programs\MiKTeX\tex/latex/amsfonts\umsb.fd
File: umsb.fd 2013/01/14 v3.01 AMS symbols B
)
LaTeX Font Info:    Trying to load font information for OT1+mathkerncmss on inp
ut line 48.

(C:\Users\Arfakhsyad\AppData\Local\Programs\MiKTeX\tex/latex/sansmathaccent\ot1
mathkerncmss.fd
File: ot1mathkerncmss.fd 2020/01/31 Fontinst v1.933 font definitions for OT1/ma
thkerncmss.
)
Overfull \vbox (8.64491pt too high) detected at line 48
 []

[2

] (progress_report.toc) [3

] [4

]
Overfull \vbox (3.27933pt too high) detected at line 70
 []

[5

] [6

] [7

] [8

] [9

]
Overfull \vbox (21.04793pt too high) detected at line 135
 []

[10

]

LaTeX Font Warning: Font shape `OT1/cmss/bx/it' undefined
(Font)              using `OT1/cmss/bx/n' instead on input line 150.


Overfull \vbox (22.17757pt too high) detected at line 150
 []

[11

] [12

]
Overfull \vbox (18.70908pt too high) detected at line 176
 []

[13

]
Overfull \vbox (9.39296pt too high) detected at line 191
 []

[14

] [15

]
Overfull \vbox (36.8574pt too high) detected at line 237
 []

[16

]
<figures/fig_representation.png, id=155, 723.1818pt x 505.89pt>
File: figures/fig_representation.png Graphic file (type png)
<use figures/fig_representation.png>
Package pdftex.def Info: figures/fig_representation.png  used on input line 248
.
(pdftex.def)             Requested size: 234.83267pt x 164.27414pt.

Overfull \vbox (31.99483pt too high) detected at line 248
 []

[17

 <./figures/fig_representation.png>] [18

]
<figures/fig_learning_curve.pdf, id=170, 375.804pt x 216.81pt>
File: figures/fig_learning_curve.pdf Graphic file (type pdf)
<use figures/fig_learning_curve.pdf>
Package pdftex.def Info: figures/fig_learning_curve.pdf  used on input line 268
.
(pdftex.def)             Requested size: 207.13776pt x 119.5039pt.

Overfull \vbox (14.82164pt too high) detected at line 268
 []

[19

 <./figures/fig_learning_curve.pdf>]
<figures/fig_terminal_profiles.png, id=199, 722.7pt x 361.35pt>
File: figures/fig_terminal_profiles.png Graphic file (type png)
<use figures/fig_terminal_profiles.png>
Package pdftex.def Info: figures/fig_terminal_profiles.png  used on input line 
279.
(pdftex.def)             Requested size: 231.03711pt x 115.51857pt.
<figures/fig_phi_trajectories.png, id=200, 433.62pt x 433.62pt>
File: figures/fig_phi_trajectories.png Graphic file (type png)
<use figures/fig_phi_trajectories.png>
Package pdftex.def Info: figures/fig_phi_trajectories.png  used on input line 2
79.
(pdftex.def)             Requested size: 159.333pt x 159.33192pt.

Overfull \vbox (10.38213pt too high) detected at line 279
 []

[20

 <./figures/fig_terminal_profiles.png> <./figures/fig_phi_trajectories.png>]
Overfull \vbox (28.96692pt too high) detected at line 300
 []

[21

]
<figures/fig_factorization.pdf, id=213, 260.17201pt x 216.81pt>
File: figures/fig_factorization.pdf Graphic file (type pdf)
<use figures/fig_factorization.pdf>
Package pdftex.def Info: figures/fig_factorization.pdf  used on input line 314.

(pdftex.def)             Requested size: 157.06511pt x 130.88284pt.

Overfull \vbox (111.12642pt too high) detected at line 314
 []

[22

 <./figures/fig_factorization.pdf>]
Overfull \vbox (71.56227pt too high) detected at line 328
 []

[23

]
<figures/fig_contraction.pdf, id=248, 375.804pt x 216.81pt>
File: figures/fig_contraction.pdf Graphic file (type pdf)
<use figures/fig_contraction.pdf>
Package pdftex.def Info: figures/fig_contraction.pdf  used on input line 344.
(pdftex.def)             Requested size: 199.1693pt x 114.90544pt.

Overfull \vbox (30.46158pt too high) detected at line 344
 []

[24

 <./figures/fig_contraction.pdf>]
Overfull \vbox (99.66743pt too high) detected at line 372
 []

[25

]
Overfull \vbox (13.67355pt too high) detected at line 396
 []

[26

]
Overfull \vbox (56.34978pt too high) detected at line 409
 []

[27

] [28

]
LaTeX Font Info:    Font shape `OT1/cmss/b/n' in size <8> not available
(Font)              Font shape `OT1/cmss/bx/n' tried instead on input line 441.

LaTeX Font Info:    Font shape `OT1/cmss/b/n' in size <6> not available
(Font)              Font shape `OT1/cmss/bx/n' tried instead on input line 441.

LaTeX Font Info:    Font shape `OT1/cmss/b/n' in size <5> not available
(Font)              Font shape `OT1/cmss/bx/n' tried instead on input line 441.


Overfull \hbox (1.61565pt too wide) in paragraph at lines 441--441
 [] 
 []


Overfull \vbox (32.3169pt too high) detected at line 441
 []

[29

]
<figures/fig_frontier_coverage.pdf, id=310, 491.436pt x 231.26399pt>
File: figures/fig_frontier_coverage.pdf Graphic file (type pdf)
<use figures/fig_frontier_coverage.pdf>
Package pdftex.def Info: figures/fig_frontier_coverage.pdf  used on input line 
448.
(pdftex.def)             Requested size: 350.5399pt x 164.96785pt.

Overfull \vbox (17.17778pt too high) detected at line 448
 []

[30

 <./figures/fig_frontier_coverage.pdf>]
<figures/fig_mechanisms.pdf, id=346, 404.712pt x 317.98799pt>
File: figures/fig_mechanisms.pdf Graphic file (type pdf)
<use figures/fig_mechanisms.pdf>
Package pdftex.def Info: figures/fig_mechanisms.pdf  used on input line 454.
(pdftex.def)             Requested size: 226.49513pt x 177.96307pt.
 [31

 <./figures/fig_mechanisms.pdf>]
<figures/fig_latent_coverage_comparison.png, id=368, 683.46771pt x 853.81844pt>

File: figures/fig_latent_coverage_comparison.png Graphic file (type png)
<use figures/fig_latent_coverage_comparison.png>
Package pdftex.def Info: figures/fig_latent_coverage_comparison.png  used on in
put line 483.
(pdftex.def)             Requested size: 223.06863pt x 278.66023pt.

Overfull \vbox (78.51114pt too high) detected at line 483
 []

[32

 <./figures/fig_latent_coverage_comparison.png>]
<figures/fig_coverage_matrices.png, id=377, 720.291pt x 233.1912pt>
File: figures/fig_coverage_matrices.png Graphic file (type png)
<use figures/fig_coverage_matrices.png>
Package pdftex.def Info: figures/fig_coverage_matrices.png  used on input line 
493.
(pdftex.def)             Requested size: 390.37012pt x 126.38037pt.
 [33

 <./figures/fig_coverage_matrices.png>]
<figures/fig_reward_per_meter.pdf, id=384, 404.712pt x 195.129pt>
File: figures/fig_reward_per_meter.pdf Graphic file (type pdf)
<use figures/fig_reward_per_meter.pdf>
Package pdftex.def Info: figures/fig_reward_per_meter.pdf  used on input line 5
01.
(pdftex.def)             Requested size: 294.77274pt x 142.13034pt.

Overfull \vbox (48.67949pt too high) detected at line 501
 []

[34

 <./figures/fig_reward_per_meter.pdf>] [35

]
Overfull \vbox (17.67741pt too high) detected at line 518
 []

[36

]
<figures/fig_demo_shaping.png, id=422, 1084.05pt x 874.467pt>
File: figures/fig_demo_shaping.png Graphic file (type png)
<use figures/fig_demo_shaping.png>
Package pdftex.def Info: figures/fig_demo_shaping.png  used on input line 524.
(pdftex.def)             Requested size: 231.92487pt x 187.09135pt.

Overfull \vbox (0.41727pt too high) detected at line 524
 []

[37

 <./figures/fig_demo_shaping.png>] [38

]
Overfull \vbox (11.3824pt too high) detected at line 538
 []

[39

]
Overfull \vbox (90.75879pt too high) detected at line 554
 []

[40

]
LaTeX Font Info:    Font shape `OT1/cmtt/bx/n' in size <10> not available
(Font)              Font shape `OT1/cmtt/m/n' tried instead on input line 562.
 [41

]
\tf@nav=\write6
\openout6 = `progress_report.nav'.

\tf@toc=\write7
\openout7 = `progress_report.toc'.

\tf@snm=\write8
\openout8 = `progress_report.snm'.

 (progress_report.aux)
 ***********
LaTeX2e <2025-11-01>
L3 programming layer <2025-12-24>
 ***********


LaTeX Font Warning: Some font shapes were not available, defaults substituted.

Package rerunfilecheck Info: File `progress_report.out' has not changed.
(rerunfilecheck)             Checksum: 35230E6AA7C3FC4D736CBFAF36928210;1625.
 ) 
Here is how much of TeX's memory you used:
 36852 strings out of 467871
 893757 string characters out of 5415956
 1369391 words of memory out of 5000000
 64934 multiletter control sequences out of 15000+600000
 659594 words of font info for 138 fonts, out of 8000000 for 9000
 1141 hyphenation exceptions out of 8191
 128i,14n,123p,1944b,964s stack positions out of 10000i,1000n,20000p,200000b,200000s
 <C:\Users\Arfakhsyad\AppData\Local\MiKTeX\fonts/pk/ljfour/jknappen/ec/dpi600
\tcss1000.pk> <C:\Users\Arfakhsyad\AppData\Local\MiKTeX\fonts/pk/ljfour/jknappe
n/ec/dpi600\tcss1095.pk><C:/Users/Arfakhsyad/AppData/Local/Programs/MiKTeX/font
s/type1/public/amsfonts/cmextra/cmbsy8.pfb><C:/Users/Arfakhsyad/AppData/Local/P
rograms/MiKTeX/fonts/type1/public/amsfonts/cm/cmex10.pfb><C:/Users/Arfakhsyad/A
ppData/Local/Programs/MiKTeX/fonts/type1/public/amsfonts/cm/cmmi10.pfb><C:/User
s/Arfakhsyad/AppData/Local/Programs/MiKTeX/fonts/type1/public/amsfonts/cm/cmmi8
.pfb><C:/Users/Arfakhsyad/AppData/Local/Programs/MiKTeX/fonts/type1/public/amsf
onts/cmextra/cmmib8.pfb><C:/Users/Arfakhsyad/AppData/Local/Programs/MiKTeX/font
s/type1/public/amsfonts/cm/cmss10.pfb><C:/Users/Arfakhsyad/AppData/Local/Progra
ms/MiKTeX/fonts/type1/public/amsfonts/cm/cmss12.pfb><C:/Users/Arfakhsyad/AppDat
a/Local/Programs/MiKTeX/fonts/type1/public/amsfonts/cm/cmss8.pfb><C:/Users/Arfa
khsyad/AppData/Local/Programs/MiKTeX/fonts/type1/public/amsfonts/cm/cmss9.pfb><
C:/Users/Arfakhsyad/AppData/Local/Programs/MiKTeX/fonts/type1/public/amsfonts/c
m/cmssbx10.pfb><C:/Users/Arfakhsyad/AppData/Local/Programs/MiKTeX/fonts/type1/p
ublic/amsfonts/cm/cmssi10.pfb><C:/Users/Arfakhsyad/AppData/Local/Programs/MiKTe
X/fonts/type1/public/amsfonts/cm/cmssi8.pfb><C:/Users/Arfakhsyad/AppData/Local/
Programs/MiKTeX/fonts/type1/public/amsfonts/cm/cmsy10.pfb><C:/Users/Arfakhsyad/
AppData/Local/Programs/MiKTeX/fonts/type1/public/amsfonts/cm/cmsy6.pfb><C:/User
s/Arfakhsyad/AppData/Local/Programs/MiKTeX/fonts/type1/public/amsfonts/cm/cmsy7
.pfb><C:/Users/Arfakhsyad/AppData/Local/Programs/MiKTeX/fonts/type1/public/amsf
onts/cm/cmsy8.pfb><C:/Users/Arfakhsyad/AppData/Local/Programs/MiKTeX/fonts/type
1/public/amsfonts/cm/cmsy9.pfb><C:/Users/Arfakhsyad/AppData/Local/Programs/MiKT
eX/fonts/type1/public/amsfonts/cm/cmtt10.pfb><C:/Users/Arfakhsyad/AppData/Local
/Programs/MiKTeX/fonts/type1/public/amsfonts/symbols/msam10.pfb><C:/Users/Arfak
hsyad/AppData/Local/Programs/MiKTeX/fonts/type1/public/amsfonts/symbols/msbm10.
pfb>
Output written on progress_report.pdf (41 pages, 1620172 bytes).
PDF statistics:
 568 PDF objects out of 1000 (max. 8388607)
 90 named destinations out of 1000 (max. 500000)
 159 words of extra memory for PDF output out of 10000 (max. 10000000)

